Dnn_outlog - 0-----[9.9999285e-01 7.2001944e-06]-----sakthi
Dnn_outlog - 0-----[9.9997330e-01 2.6703474e-05]-----sakthi
Dnn_outlog - 0-----[9.99987960e-01 1.20474115e-05]-----sakthi
Dnn_outlog - 0-----[9.9998963e-01 1.0391756e-05]-----sakthi
Dnn_outlog - 0-----[9.999926e-01 7.379064e-06]-----sakthi
Dnn_outlog - 0-----[9.9998760e-01 1.2358747e-05]-----sakthi
Dnn_outlog - 0-----[9.9997270e-01 2.7351394e-05]-----sakthi
Dnn_outlog - 0-----[9.99986529e-01 1.34822285e-05]-----sakthi
Dnn_outlog - 0-----[9.9999285e-01 7.1090312e-06]-----sakthi
Dnn_outlog - 0-----[0.97229    0.02770997]-----unknown
Dnn_outlog - 0-----[0.97067744 0.02932262]-----unknown
Dnn_outlog - 0-----[0.9736927  0.02630731]-----unknown
Dnn_outlog - 0-----[0.9766757  0.02332432]-----unknown
Dnn_outlog - 0-----[0.9709863 0.0290137]-----unknown
Dnn_outlog - 0-----[0.97601354 0.02398645]-----unknown
Dnn_outlog - 0-----[0.97392046 0.02607955]-----unknown
Dnn_outlog - 0-----[0.96671414 0.03328586]-----unknown
Dnn_outlog - 0-----[0.9750344  0.02496563]-----unknown
Dnn_outlog - 0-----[0.9269508  0.07304921]-----unknown
Dnn_outlog - 1-----[0.0943273 0.9056727]-----unknown
Dnn_outlog - 0-----[0.8894163  0.11058371]-----unknown
Dnn_outlog - 0-----[0.69685966 0.30314034]-----unknown
Dnn_outlog - 0-----[0.96251744 0.03748261]-----unknown
Dnn_outlog - 0-----[0.893113   0.10688699]-----unknown
Dnn_outlog - 0-----[0.8773409  0.12265913]-----unknown
Dnn_outlog - 0-----[0.9416704  0.05832963]-----unknown
Dnn_outlog - 0-----[0.91298515 0.08701483]-----unknown
Dnn_outlog - 1-----[0.35396367 0.64603627]-----unknown
Dnn_outlog - 1-----[0.1585503 0.8414497]-----unknown
Dnn_outlog - 1-----[0.15543756 0.8445624 ]-----unknown
Dnn_outlog - 1-----[0.16108929 0.8389107 ]-----unknown
Dnn_outlog - 1-----[0.40250266 0.59749734]-----unknown
Dnn_outlog - 1-----[0.4400516  0.55994844]-----unknown
Dnn_outlog - 1-----[0.15748614 0.84251386]-----unknown
Dnn_outlog - 1-----[0.13967884 0.86032116]-----unknown
Dnn_outlog - 1-----[0.15130953 0.8486905 ]-----unknown
Dnn_outlog - 1-----[0.2677822 0.7322178]-----unknown
Dnn_outlog - 1-----[0.3052818 0.6947182]-----unknown
Dnn_outlog - 1-----[0.3905001 0.6094999]-----unknown
Dnn_outlog - 1-----[0.21133286 0.7886671 ]-----unknown
Dnn_outlog - 1-----[0.17373222 0.82626784]-----unknown
Dnn_outlog - 1-----[0.19778943 0.8022106 ]-----unknown
Dnn_outlog - 0-----[0.7429517  0.25704837]-----unknown
Dnn_outlog - 0-----[0.7634666  0.23653342]-----unknown
Dnn_outlog - 1-----[0.17420547 0.8257946 ]-----unknown
Dnn_outlog - 1-----[0.47970575 0.52029425]-----unknown
Dnn_outlog - 1-----[0.42773944 0.5722605 ]-----unknown
Dnn_outlog - 0-----[0.77957255 0.22042751]-----unknown
Dnn_outlog - 0-----[0.83270067 0.16729933]-----unknown
Dnn_outlog - 1-----[0.4528724  0.54712754]-----unknown
Dnn_outlog - 0-----[0.5601825 0.4398174]-----unknown
Dnn_outlog - 0-----[0.7658176  0.23418237]-----unknown
Dnn_outlog - 0-----[0.6278815  0.37211847]-----unknown
Dnn_outlog - 0-----[0.761228   0.23877195]-----unknown
Dnn_outlog - 0-----[0.63246983 0.3675302 ]-----unknown
Dnn_outlog - 0-----[0.52898777 0.47101218]-----unknown
Dnn_outlog - 0-----[0.7402679 0.2597322]-----unknown
Dnn_outlog - 0-----[0.60678446 0.3932155 ]-----unknown
Dnn_outlog - 0-----[0.65212685 0.34787315]-----unknown
Dnn_outlog - 0-----[0.67324066 0.3267594 ]-----unknown
Dnn_outlog - 1-----[0.37699693 0.62300307]-----unknown
Dnn_outlog - 0-----[0.72853434 0.27146563]-----unknown
Dnn_outlog - 0-----[0.6775225  0.32247752]-----unknown
Dnn_outlog - 0-----[0.6935419  0.30645818]-----unknown
Dnn_outlog - 0-----[0.7932474  0.20675258]-----unknown
Dnn_outlog - 0-----[0.9124322  0.08756774]-----unknown
Dnn_outlog - 0-----[0.87890476 0.1210952 ]-----unknown
Dnn_outlog - 0-----[0.9107977  0.08920233]-----unknown
Dnn_outlog - 0-----[0.9101758  0.08982423]-----unknown
Dnn_outlog - 0-----[0.91379946 0.08620046]-----unknown
Dnn_outlog - 0-----[0.9251044  0.07489555]-----unknown
Dnn_outlog - 0-----[0.9191865  0.08081353]-----unknown
Dnn_outlog - 0-----[0.81779385 0.18220611]-----unknown
Dnn_outlog - 0-----[0.85883594 0.14116406]-----unknown
Dnn_outlog - 0-----[0.90870404 0.09129594]-----unknown
Dnn_outlog - 0-----[0.91586137 0.08413863]-----sakthi
Dnn_outlog - 0-----[0.8956274  0.10437259]-----sakthi
Dnn_outlog - 0-----[0.9018714  0.09812862]-----sakthi
Dnn_outlog - 0-----[0.8881268  0.11187322]-----sakthi
Dnn_outlog - 0-----[0.9107652  0.08923489]-----sakthi
Dnn_outlog - 0-----[0.8825672 0.1174328]-----sakthi
Dnn_outlog - 0-----[0.88196915 0.11803087]-----sakthi
Dnn_outlog - 0-----[0.91782236 0.08217771]-----sakthi
Dnn_outlog - 0-----[0.9021273  0.09787261]-----sakthi
Dnn_outlog - 0-----[0.9027811  0.09721882]-----sakthi
Dnn_outlog - 0-----[0.93992114 0.06007891]-----sakthi
Dnn_outlog - 0-----[0.9474967  0.05250326]-----sakthi
Dnn_outlog - 0-----[0.95764047 0.04235946]-----unknown
Dnn_outlog - 0-----[0.94019544 0.05980459]-----sakthi
Dnn_outlog - 0-----[0.94591874 0.0540812 ]-----sakthi
Dnn_outlog - 0-----[0.9376346  0.06236535]-----sakthi
Dnn_outlog - 0-----[0.9505944 0.0494056]-----unknown
Dnn_outlog - 0-----[0.9127482  0.08725181]-----sakthi
Dnn_outlog - 0-----[0.96053714 0.03946292]-----unknown
Dnn_outlog - 0-----[0.93657184 0.06342818]-----sakthi
Dnn_outlog - 0-----[0.92212105 0.07787893]-----sakthi
Dnn_outlog - 0-----[0.9479294  0.05207063]-----sakthi
Dnn_outlog - 0-----[0.935318   0.06468203]-----sakthi
Dnn_outlog - 0-----[0.9247859  0.07521407]-----sakthi
Dnn_outlog - 0-----[0.90894675 0.09105327]-----sakthi
Dnn_outlog - 0-----[0.92273754 0.0772625 ]-----sakthi
Dnn_outlog - 0-----[0.94298553 0.05701444]-----sakthi
Dnn_outlog - 0-----[0.9457409  0.05425911]-----sakthi
Dnn_outlog - 0-----[0.9429365  0.05706349]-----sakthi
Dnn_outlog - 0-----[0.92178077 0.07821925]-----sakthi
